14-Jun-2023 07:21:10.348 INFORMATION [main] org.apache.openejb.persistence.PersistenceBootstrap.getDefaultProvider Default JPA Provider changed to org.eclipse.persistence.jpa.PersistenceProvider specified by jar:file:/C:/Users/A200213424/workspace/MeWis/hello-world-docker/target/apache-tomee/lib/openejb-core-eclipselink-8.0.14.jar!/META-INF/org.apache.openejb.persistence.PersistenceBootstrap.provider
14-Jun-2023 07:21:10.559 INFORMATION [main] jdk.internal.reflect.NativeMethodAccessorImpl.invoke Server Version:        Apache Tomcat (TomEE)/9.0.71 (8.0.14)
14-Jun-2023 07:21:10.559 INFORMATION [main] jdk.internal.reflect.NativeMethodAccessorImpl.invoke Server built:          Jan 9 2023 22:33:01 UTC
14-Jun-2023 07:21:10.559 INFORMATION [main] jdk.internal.reflect.NativeMethodAccessorImpl.invoke Server version number: 9.0.71.0
14-Jun-2023 07:21:10.559 INFORMATION [main] jdk.internal.reflect.NativeMethodAccessorImpl.invoke OS Name:               Windows 11
14-Jun-2023 07:21:10.559 INFORMATION [main] jdk.internal.reflect.NativeMethodAccessorImpl.invoke OS Version:            10.0
14-Jun-2023 07:21:10.559 INFORMATION [main] jdk.internal.reflect.NativeMethodAccessorImpl.invoke Architektur:           amd64
14-Jun-2023 07:21:10.559 INFORMATION [main] jdk.internal.reflect.NativeMethodAccessorImpl.invoke Java Home:             C:\Users\A200213424\JDK\openjdk-17.0.2_windows-x64_bin\jdk-17.0.2
14-Jun-2023 07:21:10.559 INFORMATION [main] jdk.internal.reflect.NativeMethodAccessorImpl.invoke JVM Version:           17.0.2+8-86
14-Jun-2023 07:21:10.559 INFORMATION [main] jdk.internal.reflect.NativeMethodAccessorImpl.invoke JVM Hersteller:        Oracle Corporation
14-Jun-2023 07:21:10.559 INFORMATION [main] jdk.internal.reflect.NativeMethodAccessorImpl.invoke CATALINA_BASE:         C:\Users\A200213424\workspace\MeWis\hello-world-docker\target\apache-tomee
14-Jun-2023 07:21:10.559 INFORMATION [main] jdk.internal.reflect.NativeMethodAccessorImpl.invoke CATALINA_HOME:         C:\Users\A200213424\workspace\MeWis\hello-world-docker\target\apache-tomee
14-Jun-2023 07:21:10.560 INFORMATION [main] jdk.internal.reflect.NativeMethodAccessorImpl.invoke Command line argument: -XX:+HeapDumpOnOutOfMemoryError
14-Jun-2023 07:21:10.560 INFORMATION [main] jdk.internal.reflect.NativeMethodAccessorImpl.invoke Command line argument: -Dorg.apache.catalina.STRICT_SERVLET_COMPLIANCE=false
14-Jun-2023 07:21:10.560 INFORMATION [main] jdk.internal.reflect.NativeMethodAccessorImpl.invoke Command line argument: -Dopenejb.session.manager=org.apache.tomee.catalina.session.QuickSessionManager
14-Jun-2023 07:21:10.560 INFORMATION [main] jdk.internal.reflect.NativeMethodAccessorImpl.invoke Command line argument: -Dtomee.remote.support=true
14-Jun-2023 07:21:10.560 INFORMATION [main] jdk.internal.reflect.NativeMethodAccessorImpl.invoke Command line argument: -Dopenejb.system.apps=false
14-Jun-2023 07:21:10.560 INFORMATION [main] jdk.internal.reflect.DelegatingMethodAccessorImpl.invoke Command line argument: -Dtomee.jsp-development=true
14-Jun-2023 07:21:10.560 INFORMATION [main] jdk.internal.reflect.DelegatingMethodAccessorImpl.invoke Command line argument: -Djava.util.logging.config.file=C:\Users\A200213424\workspace\MeWis\hello-world-docker\target\apache-tomee\conf\logging.properties
14-Jun-2023 07:21:10.560 INFORMATION [main] jdk.internal.reflect.DelegatingMethodAccessorImpl.invoke Command line argument: -javaagent:C:\Users\A200213424\workspace\MeWis\hello-world-docker\target\apache-tomee\lib\openejb-javaagent.jar
14-Jun-2023 07:21:10.560 INFORMATION [main] jdk.internal.reflect.DelegatingMethodAccessorImpl.invoke Command line argument: -Djava.util.logging.manager=org.apache.juli.ClassLoaderLogManager
14-Jun-2023 07:21:10.560 INFORMATION [main] jdk.internal.reflect.DelegatingMethodAccessorImpl.invoke Command line argument: -Djava.io.tmpdir=C:\Users\A200213424\workspace\MeWis\hello-world-docker\target\apache-tomee\temp
14-Jun-2023 07:21:10.561 INFORMATION [main] jdk.internal.reflect.DelegatingMethodAccessorImpl.invoke Command line argument: -Dcatalina.base=C:\Users\A200213424\workspace\MeWis\hello-world-docker\target\apache-tomee
14-Jun-2023 07:21:10.561 INFORMATION [main] jdk.internal.reflect.DelegatingMethodAccessorImpl.invoke Command line argument: -Dcatalina.home=C:\Users\A200213424\workspace\MeWis\hello-world-docker\target\apache-tomee
14-Jun-2023 07:21:10.561 INFORMATION [main] jdk.internal.reflect.DelegatingMethodAccessorImpl.invoke Command line argument: -Dcatalina.ext.dirs=C:\Users\A200213424\workspace\MeWis\hello-world-docker\target\apache-tomee\lib
14-Jun-2023 07:21:10.561 INFORMATION [main] jdk.internal.reflect.DelegatingMethodAccessorImpl.invoke Command line argument: -Dorg.apache.tomcat.util.http.ServerCookie.ALLOW_HTTP_SEPARATORS_IN_V0=true
14-Jun-2023 07:21:10.561 INFORMATION [main] jdk.internal.reflect.DelegatingMethodAccessorImpl.invoke Command line argument: -ea
14-Jun-2023 07:21:10.566 INFORMATION [main] jdk.internal.reflect.DelegatingMethodAccessorImpl.invoke The Apache Tomcat Native library which allows using OpenSSL was not found on the java.library.path: [C:\Users\A200213424\JDK\openjdk-17.0.2_windows-x64_bin\jdk-17.0.2\bin;C:\WINDOWS\Sun\Java\bin;C:\WINDOWS\system32;C:\WINDOWS;C:\WINDOWS\system32;C:\WINDOWS;C:\WINDOWS\System32\Wbem;C:\WINDOWS\System32\WindowsPowerShell\v1.0\;C:\WINDOWS\System32\OpenSSH\;C:\Program Files (x86)\Webex\Plugins;C:\Program Files\Microsoft VS Code\bin;C:\Users\A200213424\AppData\Roaming\nvm;C:\Program Files\nodejs;C:\Program Files\nodejs\;C:\Program Files\Git\cmd;C:\WINDOWS\system32\config\systemprofile\AppData\Local\Microsoft\WindowsApps;C:\Users\A200213424\AppData\Local\Microsoft\WindowsApp;C:\Users\A200213424\JDK\apache-maven-3.9.0-bin\apache-maven-3.9.0\bin;C:\Users\A200213424\JDK\openjdk-17.0.2_windows-x64_bin\jdk-17.0.2;C:\Users\A200213424\JDK\openjdk-17.0.2_windows-x64_bin\jdk-17.0.2\bin;C:\Users\A200213424\AppData\Local\Microsoft\WindowsApps;C:\Users\A200213424\AppData\Roaming\npm\;;.]
14-Jun-2023 07:21:10.848 INFORMATION [main] jdk.internal.reflect.DelegatingMethodAccessorImpl.invoke Initialisiere ProtocolHandler["http-nio-8080"]
14-Jun-2023 07:21:11.080 INFORMATION [main] org.apache.openejb.util.OptionsLog.info Using 'tomee.remote.support=true'
14-Jun-2023 07:21:11.088 INFORMATION [main] org.apache.openejb.util.OptionsLog.info Using 'openejb.jdbc.datasource-creator=org.apache.tomee.jdbc.TomEEDataSourceCreator'
14-Jun-2023 07:21:11.154 INFORMATION [main] org.apache.openejb.OpenEJB$Instance.<init> ********************************************************************************
14-Jun-2023 07:21:11.154 INFORMATION [main] org.apache.openejb.OpenEJB$Instance.<init> OpenEJB https://tomee.apache.org/
14-Jun-2023 07:21:11.154 INFORMATION [main] org.apache.openejb.OpenEJB$Instance.<init> Startup: Wed Jun 14 07:21:11 CEST 2023
14-Jun-2023 07:21:11.154 INFORMATION [main] org.apache.openejb.OpenEJB$Instance.<init> Copyright 1999-2023 (C) Apache TomEE Project, All Rights Reserved.
14-Jun-2023 07:21:11.155 INFORMATION [main] org.apache.openejb.OpenEJB$Instance.<init> Version: 8.0.14
14-Jun-2023 07:21:11.155 INFORMATION [main] org.apache.openejb.OpenEJB$Instance.<init> Build date: 20230117
14-Jun-2023 07:21:11.155 INFORMATION [main] org.apache.openejb.OpenEJB$Instance.<init> Build time: 01:46
14-Jun-2023 07:21:11.156 INFORMATION [main] org.apache.openejb.OpenEJB$Instance.<init> ********************************************************************************
14-Jun-2023 07:21:11.156 INFORMATION [main] org.apache.openejb.OpenEJB$Instance.<init> openejb.home = C:\Users\A200213424\workspace\MeWis\hello-world-docker\target\apache-tomee
14-Jun-2023 07:21:11.156 INFORMATION [main] org.apache.openejb.OpenEJB$Instance.<init> openejb.base = C:\Users\A200213424\workspace\MeWis\hello-world-docker\target\apache-tomee
14-Jun-2023 07:21:11.158 INFORMATION [main] org.apache.openejb.cdi.CdiBuilder.initializeOWB Created new singletonService org.apache.openejb.cdi.ThreadSingletonServiceImpl@487db668
14-Jun-2023 07:21:11.162 INFORMATION [main] org.apache.openejb.cdi.CdiBuilder.initializeOWB Succeeded in installing singleton service
14-Jun-2023 07:21:11.200 INFORMATION [main] org.apache.openejb.config.ConfigurationFactory.init TomEE configuration file is 'C:\Users\A200213424\workspace\MeWis\hello-world-docker\target\apache-tomee\conf\tomee.xml'
14-Jun-2023 07:21:11.249 INFORMATION [main] org.apache.openejb.config.ConfigurationFactory.configureService Configuring Service(id=Tomcat Security Service, type=SecurityService, provider-id=Tomcat Security Service)
14-Jun-2023 07:21:11.252 INFORMATION [main] org.apache.openejb.config.ConfigurationFactory.configureService Configuring Service(id=Default Transaction Manager, type=TransactionManager, provider-id=Default Transaction Manager)
14-Jun-2023 07:21:11.255 INFORMATION [main] org.apache.openejb.util.OptionsLog.info Using 'openejb.system.apps=false'
14-Jun-2023 07:21:11.255 INFORMATION [main] org.apache.openejb.util.OptionsLog.info Using 'openejb.deployments.classpath=false'
14-Jun-2023 07:21:11.300 INFORMATION [main] org.apache.openejb.assembler.classic.Assembler.createRecipe Creating TransactionManager(id=Default Transaction Manager)
14-Jun-2023 07:21:11.345 INFORMATION [main] org.apache.openejb.assembler.classic.Assembler.createRecipe Creating SecurityService(id=Tomcat Security Service)
14-Jun-2023 07:21:11.454 INFORMATION [main] org.apache.openejb.server.ServiceManager.initServer Creating ServerService(id=cxf)
14-Jun-2023 07:21:11.622 INFORMATION [main] org.apache.openejb.server.ServiceManager.initServer Creating ServerService(id=cxf-rs)
14-Jun-2023 07:21:11.640 INFORMATION [main] org.apache.openejb.server.SimpleServiceManager.start   ** Bound Services **
14-Jun-2023 07:21:11.640 INFORMATION [main] org.apache.openejb.server.SimpleServiceManager.printRow   NAME                 IP              PORT  
14-Jun-2023 07:21:11.640 INFORMATION [main] org.apache.openejb.server.SimpleServiceManager.start -------
14-Jun-2023 07:21:11.640 INFORMATION [main] org.apache.openejb.server.SimpleServiceManager.start Ready!
14-Jun-2023 07:21:11.641 INFORMATION [main] jdk.internal.reflect.DelegatingMethodAccessorImpl.invoke Server initialization in [1272] milliseconds
14-Jun-2023 07:21:11.672 INFORMATION [main] org.apache.tomee.catalina.OpenEJBNamingContextListener.bindResource Importing a Tomcat Resource with id 'UserDatabase' of type 'org.apache.catalina.UserDatabase'.
14-Jun-2023 07:21:11.672 INFORMATION [main] org.apache.openejb.assembler.classic.Assembler.createRecipe Creating Resource(id=UserDatabase)
14-Jun-2023 07:21:11.682 INFORMATION [main] jdk.internal.reflect.DelegatingMethodAccessorImpl.invoke Starting service [Catalina]
14-Jun-2023 07:21:11.682 INFORMATION [main] jdk.internal.reflect.DelegatingMethodAccessorImpl.invoke Starting Servlet engine: [Apache Tomcat (TomEE)/9.0.71 (8.0.14)]
14-Jun-2023 07:21:11.703 INFORMATION [main] jdk.internal.reflect.DelegatingMethodAccessorImpl.invoke Deploying web application archive [C:\Users\A200213424\workspace\MeWis\hello-world-docker\target\apache-tomee\webapps\jakartaee-hello-world.war]
14-Jun-2023 07:21:11.708 INFORMATION [main] org.apache.tomee.catalina.TomcatWebAppBuilder.init ------------------------- localhost -> /jakartaee-hello-world
14-Jun-2023 07:21:11.710 INFORMATION [main] org.apache.openejb.util.JarExtractor.extract Extracting jar: C:\Users\A200213424\workspace\MeWis\hello-world-docker\target\apache-tomee\webapps\jakartaee-hello-world.war
14-Jun-2023 07:21:11.900 INFORMATION [main] org.apache.openejb.util.JarExtractor.extract Extracted path: C:\Users\A200213424\workspace\MeWis\hello-world-docker\target\apache-tomee\webapps\jakartaee-hello-world
14-Jun-2023 07:21:11.900 INFORMATION [main] org.apache.openejb.util.OptionsLog.info Using 'openejb.session.manager=org.apache.tomee.catalina.session.QuickSessionManager'
14-Jun-2023 07:21:12.135 INFORMATION [main] org.apache.openejb.config.ConfigurationFactory.configureApplication Configuring enterprise application: C:\Users\A200213424\workspace\MeWis\hello-world-docker\target\apache-tomee\webapps\jakartaee-hello-world
14-Jun-2023 07:21:12.293 INFORMATION [main] org.apache.openejb.config.ConfigurationFactory.configureService Configuring Service(id=Default Managed Container, type=Container, provider-id=Default Managed Container)
14-Jun-2023 07:21:12.293 INFORMATION [main] org.apache.openejb.config.AutoConfig.createContainer Auto-creating a container for bean jakartaee-hello-world.Comp13928051: Container(type=MANAGED, id=Default Managed Container)
14-Jun-2023 07:21:12.294 INFORMATION [main] org.apache.openejb.assembler.classic.Assembler.createRecipe Creating Container(id=Default Managed Container)
14-Jun-2023 07:21:12.299 INFORMATION [main] org.apache.openejb.core.managed.SimplePassivater.init Using directory C:\Users\A200213424\workspace\MeWis\hello-world-docker\target\apache-tomee\temp for stateful session passivation
14-Jun-2023 07:21:12.321 INFORMATION [main] org.apache.openejb.config.AppInfoBuilder.build Enterprise application "C:\Users\A200213424\workspace\MeWis\hello-world-docker\target\apache-tomee\webapps\jakartaee-hello-world" loaded.
14-Jun-2023 07:21:12.379 INFORMATION [main] org.apache.openejb.assembler.classic.Assembler.createApplication Assembling app: C:\Users\A200213424\workspace\MeWis\hello-world-docker\target\apache-tomee\webapps\jakartaee-hello-world
14-Jun-2023 07:21:12.509 WARNUNG [main] org.apache.batchee.container.services.ServicesManager.init You didn't specify org.apache.batchee.jmx.application and JMX is already registered, skipping
14-Jun-2023 07:21:12.510 INFORMATION [main] org.apache.openejb.assembler.classic.Assembler.createApplication Deployed Application(path=C:\Users\A200213424\workspace\MeWis\hello-world-docker\target\apache-tomee\webapps\jakartaee-hello-world)
14-Jun-2023 07:21:12.798 INFORMATION [main] org.apache.jasper.servlet.TldScanner.scanJars At least one JAR was scanned for TLDs yet contained no TLDs. Enable debug logging for this logger for a complete list of JARs that were scanned but no TLDs were found in them. Skipping unneeded JARs during scanning can improve startup time and JSP compilation time.
14-Jun-2023 07:21:12.914 INFORMATION [main] org.apache.openejb.server.cxf.rs.CxfRsHttpListener.logApplication Application{path='http://localhost:8080/jakartaee-hello-world/rest', class=org.apache.openejb.config.AnnotationDeployer$ProvidedJAXRSApplication, resources=1, providers=0, invalids=0}
14-Jun-2023 07:21:12.914 INFORMATION [main] org.apache.openejb.server.cxf.rs.CxfRsHttpListener.logApplication Resource{clazz=org.eclipse.jakarta.hello.HelloWorldResource, discovered=true, singleton=false}
14-Jun-2023 07:21:13.096 INFORMATION [main] org.apache.openejb.server.cxf.rs.CxfRsHttpListener.deployApplication Using readers:
14-Jun-2023 07:21:13.096 INFORMATION [main] org.apache.openejb.server.cxf.rs.CxfRsHttpListener.deployApplication      org.apache.cxf.jaxrs.provider.PrimitiveTextProvider@34be065a
14-Jun-2023 07:21:13.096 INFORMATION [main] org.apache.openejb.server.cxf.rs.CxfRsHttpListener.deployApplication      org.apache.cxf.jaxrs.provider.FormEncodingProvider@6963b88c
14-Jun-2023 07:21:13.096 INFORMATION [main] org.apache.openejb.server.cxf.rs.CxfRsHttpListener.deployApplication      org.apache.cxf.jaxrs.provider.MultipartProvider@ab24484
14-Jun-2023 07:21:13.096 INFORMATION [main] org.apache.openejb.server.cxf.rs.CxfRsHttpListener.deployApplication      org.apache.cxf.jaxrs.provider.SourceProvider@54e43bfe
14-Jun-2023 07:21:13.096 INFORMATION [main] org.apache.openejb.server.cxf.rs.CxfRsHttpListener.deployApplication      org.apache.cxf.jaxrs.provider.JAXBElementTypedProvider@106b014e
14-Jun-2023 07:21:13.096 INFORMATION [main] org.apache.openejb.server.cxf.rs.CxfRsHttpListener.deployApplication      org.apache.cxf.jaxrs.provider.JAXBElementProvider@64387c17
14-Jun-2023 07:21:13.096 INFORMATION [main] org.apache.openejb.server.cxf.rs.CxfRsHttpListener.deployApplication      org.apache.openejb.server.cxf.rs.johnzon.TomEEJsonpProvider@718f805a
14-Jun-2023 07:21:13.096 INFORMATION [main] org.apache.openejb.server.cxf.rs.CxfRsHttpListener.deployApplication      org.apache.openejb.server.cxf.rs.johnzon.TomEEJsonbProvider@7c369270
14-Jun-2023 07:21:13.096 INFORMATION [main] org.apache.openejb.server.cxf.rs.CxfRsHttpListener.deployApplication      org.apache.cxf.jaxrs.provider.StringTextProvider@e09f1b6
14-Jun-2023 07:21:13.096 INFORMATION [main] org.apache.openejb.server.cxf.rs.CxfRsHttpListener.deployApplication      org.apache.cxf.jaxrs.provider.BinaryDataProvider@557b6a37
14-Jun-2023 07:21:13.096 INFORMATION [main] org.apache.openejb.server.cxf.rs.CxfRsHttpListener.deployApplication      org.apache.cxf.jaxrs.provider.DataSourceProvider@11b32a14
14-Jun-2023 07:21:13.096 INFORMATION [main] org.apache.openejb.server.cxf.rs.CxfRsHttpListener.deployApplication Using writers:
14-Jun-2023 07:21:13.098 INFORMATION [main] org.apache.openejb.server.cxf.rs.CxfRsHttpListener.deployApplication      org.apache.cxf.jaxrs.provider.JAXBElementTypedProvider@106b014e
14-Jun-2023 07:21:13.098 INFORMATION [main] org.apache.openejb.server.cxf.rs.CxfRsHttpListener.deployApplication      org.apache.openejb.server.cxf.rs.johnzon.TomEEJsonpProvider@718f805a
14-Jun-2023 07:21:13.098 INFORMATION [main] org.apache.openejb.server.cxf.rs.CxfRsHttpListener.deployApplication      org.apache.johnzon.jaxrs.WadlDocumentMessageBodyWriter@1c33e528
14-Jun-2023 07:21:13.098 INFORMATION [main] org.apache.openejb.server.cxf.rs.CxfRsHttpListener.deployApplication      org.apache.cxf.jaxrs.nio.NioMessageBodyWriter@5df63359
14-Jun-2023 07:21:13.098 INFORMATION [main] org.apache.openejb.server.cxf.rs.CxfRsHttpListener.deployApplication      org.apache.cxf.jaxrs.provider.StringTextProvider@e09f1b6
14-Jun-2023 07:21:13.098 INFORMATION [main] org.apache.openejb.server.cxf.rs.CxfRsHttpListener.deployApplication      org.apache.cxf.jaxrs.provider.PrimitiveTextProvider@34be065a
14-Jun-2023 07:21:13.098 INFORMATION [main] org.apache.openejb.server.cxf.rs.CxfRsHttpListener.deployApplication      org.apache.cxf.jaxrs.provider.FormEncodingProvider@6963b88c
14-Jun-2023 07:21:13.098 INFORMATION [main] org.apache.openejb.server.cxf.rs.CxfRsHttpListener.deployApplication      org.apache.cxf.jaxrs.provider.MultipartProvider@ab24484
14-Jun-2023 07:21:13.098 INFORMATION [main] org.apache.openejb.server.cxf.rs.CxfRsHttpListener.deployApplication      org.apache.cxf.jaxrs.provider.JAXBElementProvider@64387c17
14-Jun-2023 07:21:13.098 INFORMATION [main] org.apache.openejb.server.cxf.rs.CxfRsHttpListener.deployApplication      org.apache.cxf.jaxrs.provider.SourceProvider@54e43bfe
14-Jun-2023 07:21:13.098 INFORMATION [main] org.apache.openejb.server.cxf.rs.CxfRsHttpListener.deployApplication      org.apache.openejb.server.cxf.rs.johnzon.TomEEJsonbProvider@7c369270
14-Jun-2023 07:21:13.098 INFORMATION [main] org.apache.openejb.server.cxf.rs.CxfRsHttpListener.deployApplication      org.apache.cxf.jaxrs.provider.BinaryDataProvider@557b6a37
14-Jun-2023 07:21:13.098 INFORMATION [main] org.apache.openejb.server.cxf.rs.CxfRsHttpListener.deployApplication      org.apache.cxf.jaxrs.provider.DataSourceProvider@11b32a14
14-Jun-2023 07:21:13.098 INFORMATION [main] org.apache.openejb.server.cxf.rs.CxfRsHttpListener.deployApplication Using exception mappers:
14-Jun-2023 07:21:13.098 INFORMATION [main] org.apache.openejb.server.cxf.rs.CxfRsHttpListener.deployApplication      org.apache.cxf.jaxrs.impl.WebApplicationExceptionMapper@35c4697c
14-Jun-2023 07:21:13.098 INFORMATION [main] org.apache.openejb.server.cxf.rs.CxfRsHttpListener.deployApplication      org.apache.openejb.server.cxf.rs.EJBExceptionMapper@73613ae5
14-Jun-2023 07:21:13.098 INFORMATION [main] org.apache.openejb.server.cxf.rs.CxfRsHttpListener.deployApplication      org.apache.cxf.jaxrs.validation.ValidationExceptionMapper@104dc1a2
14-Jun-2023 07:21:13.098 INFORMATION [main] org.apache.openejb.server.cxf.rs.CxfRsHttpListener.deployApplication      org.apache.openejb.server.cxf.rs.CxfRsHttpListener$CxfResponseValidationExceptionMapper@67d32a54
14-Jun-2023 07:21:13.100 INFORMATION [main] org.apache.openejb.server.cxf.rs.CxfRsHttpListener.logEndpoints REST Application: http://localhost:8080/jakartaee-hello-world/rest       -> org.apache.openejb.config.AnnotationDeployer$ProvidedJAXRSApplication@75cf0de5
14-Jun-2023 07:21:13.101 INFORMATION [main] org.apache.openejb.server.cxf.rs.CxfRsHttpListener.logEndpoints      Service URI: http://localhost:8080/jakartaee-hello-world/rest/hello -> Pojo org.eclipse.jakarta.hello.HelloWorldResource
14-Jun-2023 07:21:13.101 INFORMATION [main] org.apache.openejb.server.cxf.rs.CxfRsHttpListener.logEndpoints               GET http://localhost:8080/jakartaee-hello-world/rest/hello ->      Hello hello(String)
14-Jun-2023 07:21:13.118 INFORMATION [main] jdk.internal.reflect.DelegatingMethodAccessorImpl.invoke Deployment of web application archive [C:\Users\A200213424\workspace\MeWis\hello-world-docker\target\apache-tomee\webapps\jakartaee-hello-world.war] has finished in [1.416] ms
14-Jun-2023 07:21:13.118 INFORMATION [main] jdk.internal.reflect.DelegatingMethodAccessorImpl.invoke Deploye Web-Applikations-Verzeichnis [C:\Users\A200213424\workspace\MeWis\hello-world-docker\target\apache-tomee\webapps\docs]
14-Jun-2023 07:21:13.118 INFORMATION [main] org.apache.tomee.catalina.TomcatWebAppBuilder.init ------------------------- localhost -> /docs
14-Jun-2023 07:21:13.119 INFORMATION [main] org.apache.openejb.util.OptionsLog.info Using 'openejb.session.manager=org.apache.tomee.catalina.session.QuickSessionManager'
14-Jun-2023 07:21:13.181 INFORMATION [main] org.apache.openejb.config.ConfigurationFactory.configureApplication Configuring enterprise application: C:\Users\A200213424\workspace\MeWis\hello-world-docker\target\apache-tomee\webapps\docs
14-Jun-2023 07:21:13.186 INFORMATION [main] org.apache.openejb.config.AppInfoBuilder.build Enterprise application "C:\Users\A200213424\workspace\MeWis\hello-world-docker\target\apache-tomee\webapps\docs" loaded.
14-Jun-2023 07:21:13.189 INFORMATION [main] org.apache.openejb.assembler.classic.Assembler.createApplication Assembling app: C:\Users\A200213424\workspace\MeWis\hello-world-docker\target\apache-tomee\webapps\docs
14-Jun-2023 07:21:13.206 WARNUNG [main] org.apache.batchee.container.services.ServicesManager.init You didn't specify org.apache.batchee.jmx.application and JMX is already registered, skipping
14-Jun-2023 07:21:13.206 INFORMATION [main] org.apache.openejb.assembler.classic.Assembler.createApplication Deployed Application(path=C:\Users\A200213424\workspace\MeWis\hello-world-docker\target\apache-tomee\webapps\docs)
14-Jun-2023 07:21:13.327 INFORMATION [main] org.apache.jasper.servlet.TldScanner.scanJars At least one JAR was scanned for TLDs yet contained no TLDs. Enable debug logging for this logger for a complete list of JARs that were scanned but no TLDs were found in them. Skipping unneeded JARs during scanning can improve startup time and JSP compilation time.
14-Jun-2023 07:21:13.350 INFORMATION [main] jdk.internal.reflect.DelegatingMethodAccessorImpl.invoke Deployment of web application directory [C:\Users\A200213424\workspace\MeWis\hello-world-docker\target\apache-tomee\webapps\docs] has finished in [232] ms
14-Jun-2023 07:21:13.351 INFORMATION [main] jdk.internal.reflect.DelegatingMethodAccessorImpl.invoke Deploye Web-Applikations-Verzeichnis [C:\Users\A200213424\workspace\MeWis\hello-world-docker\target\apache-tomee\webapps\host-manager]
14-Jun-2023 07:21:13.363 INFORMATION [main] org.apache.tomee.catalina.TomcatWebAppBuilder.init ------------------------- localhost -> /host-manager
14-Jun-2023 07:21:13.364 INFORMATION [main] org.apache.openejb.util.OptionsLog.info Using 'openejb.session.manager=org.apache.tomee.catalina.session.QuickSessionManager'
14-Jun-2023 07:21:13.419 INFORMATION [main] org.apache.openejb.config.ConfigurationFactory.configureApplication Configuring enterprise application: C:\Users\A200213424\workspace\MeWis\hello-world-docker\target\apache-tomee\webapps\host-manager
14-Jun-2023 07:21:13.427 INFORMATION [main] org.apache.openejb.config.AppInfoBuilder.build Enterprise application "C:\Users\A200213424\workspace\MeWis\hello-world-docker\target\apache-tomee\webapps\host-manager" loaded.
14-Jun-2023 07:21:13.428 INFORMATION [main] org.apache.openejb.assembler.classic.Assembler.createApplication Assembling app: C:\Users\A200213424\workspace\MeWis\hello-world-docker\target\apache-tomee\webapps\host-manager
14-Jun-2023 07:21:13.438 INFORMATION [main] org.apache.tomee.catalina.TomcatWebAppBuilder.deployWebApps using context file C:\Users\A200213424\workspace\MeWis\hello-world-docker\target\apache-tomee\webapps\host-manager\META-INF\context.xml
14-Jun-2023 07:21:13.440 WARNUNG [main] org.apache.batchee.container.services.ServicesManager.init You didn't specify org.apache.batchee.jmx.application and JMX is already registered, skipping
14-Jun-2023 07:21:13.440 INFORMATION [main] org.apache.openejb.assembler.classic.Assembler.createApplication Deployed Application(path=C:\Users\A200213424\workspace\MeWis\hello-world-docker\target\apache-tomee\webapps\host-manager)
14-Jun-2023 07:21:13.533 INFORMATION [main] org.apache.jasper.servlet.TldScanner.scanJars At least one JAR was scanned for TLDs yet contained no TLDs. Enable debug logging for this logger for a complete list of JARs that were scanned but no TLDs were found in them. Skipping unneeded JARs during scanning can improve startup time and JSP compilation time.
14-Jun-2023 07:21:13.585 INFORMATION [main] jdk.internal.reflect.DelegatingMethodAccessorImpl.invoke Deployment of web application directory [C:\Users\A200213424\workspace\MeWis\hello-world-docker\target\apache-tomee\webapps\host-manager] has finished in [235] ms
14-Jun-2023 07:21:13.585 INFORMATION [main] jdk.internal.reflect.DelegatingMethodAccessorImpl.invoke Deploye Web-Applikations-Verzeichnis [C:\Users\A200213424\workspace\MeWis\hello-world-docker\target\apache-tomee\webapps\manager]
14-Jun-2023 07:21:13.593 INFORMATION [main] org.apache.tomee.catalina.TomcatWebAppBuilder.init ------------------------- localhost -> /manager
14-Jun-2023 07:21:13.594 INFORMATION [main] org.apache.openejb.util.OptionsLog.info Using 'openejb.session.manager=org.apache.tomee.catalina.session.QuickSessionManager'
14-Jun-2023 07:21:13.642 INFORMATION [main] org.apache.openejb.config.ConfigurationFactory.configureApplication Configuring enterprise application: C:\Users\A200213424\workspace\MeWis\hello-world-docker\target\apache-tomee\webapps\manager
14-Jun-2023 07:21:13.653 INFORMATION [main] org.apache.openejb.config.AppInfoBuilder.build Enterprise application "C:\Users\A200213424\workspace\MeWis\hello-world-docker\target\apache-tomee\webapps\manager" loaded.
14-Jun-2023 07:21:13.654 INFORMATION [main] org.apache.openejb.assembler.classic.Assembler.createApplication Assembling app: C:\Users\A200213424\workspace\MeWis\hello-world-docker\target\apache-tomee\webapps\manager
14-Jun-2023 07:21:13.667 INFORMATION [main] org.apache.tomee.catalina.TomcatWebAppBuilder.deployWebApps using context file C:\Users\A200213424\workspace\MeWis\hello-world-docker\target\apache-tomee\webapps\manager\META-INF\context.xml
14-Jun-2023 07:21:13.668 WARNUNG [main] org.apache.batchee.container.services.ServicesManager.init You didn't specify org.apache.batchee.jmx.application and JMX is already registered, skipping
14-Jun-2023 07:21:13.668 INFORMATION [main] org.apache.openejb.assembler.classic.Assembler.createApplication Deployed Application(path=C:\Users\A200213424\workspace\MeWis\hello-world-docker\target\apache-tomee\webapps\manager)
14-Jun-2023 07:21:13.765 INFORMATION [main] org.apache.jasper.servlet.TldScanner.scanJars At least one JAR was scanned for TLDs yet contained no TLDs. Enable debug logging for this logger for a complete list of JARs that were scanned but no TLDs were found in them. Skipping unneeded JARs during scanning can improve startup time and JSP compilation time.
14-Jun-2023 07:21:13.788 INFORMATION [main] jdk.internal.reflect.DelegatingMethodAccessorImpl.invoke Deployment of web application directory [C:\Users\A200213424\workspace\MeWis\hello-world-docker\target\apache-tomee\webapps\manager] has finished in [203] ms
14-Jun-2023 07:21:13.788 INFORMATION [main] jdk.internal.reflect.DelegatingMethodAccessorImpl.invoke Deploye Web-Applikations-Verzeichnis [C:\Users\A200213424\workspace\MeWis\hello-world-docker\target\apache-tomee\webapps\ROOT]
14-Jun-2023 07:21:13.788 INFORMATION [main] org.apache.tomee.catalina.TomcatWebAppBuilder.init ------------------------- localhost -> /
14-Jun-2023 07:21:13.789 INFORMATION [main] org.apache.openejb.util.OptionsLog.info Using 'openejb.session.manager=org.apache.tomee.catalina.session.QuickSessionManager'
14-Jun-2023 07:21:13.833 INFORMATION [main] org.apache.openejb.config.ConfigurationFactory.configureApplication Configuring enterprise application: C:\Users\A200213424\workspace\MeWis\hello-world-docker\target\apache-tomee\webapps\ROOT
14-Jun-2023 07:21:13.840 INFORMATION [main] org.apache.openejb.config.AppInfoBuilder.build Enterprise application "C:\Users\A200213424\workspace\MeWis\hello-world-docker\target\apache-tomee\webapps\ROOT" loaded.
14-Jun-2023 07:21:13.842 INFORMATION [main] org.apache.openejb.assembler.classic.Assembler.createApplication Assembling app: C:\Users\A200213424\workspace\MeWis\hello-world-docker\target\apache-tomee\webapps\ROOT
14-Jun-2023 07:21:13.853 WARNUNG [main] org.apache.batchee.container.services.ServicesManager.init You didn't specify org.apache.batchee.jmx.application and JMX is already registered, skipping
14-Jun-2023 07:21:13.853 INFORMATION [main] org.apache.openejb.assembler.classic.Assembler.createApplication Deployed Application(path=C:\Users\A200213424\workspace\MeWis\hello-world-docker\target\apache-tomee\webapps\ROOT)
14-Jun-2023 07:21:13.918 INFORMATION [main] org.apache.jasper.servlet.TldScanner.scanJars At least one JAR was scanned for TLDs yet contained no TLDs. Enable debug logging for this logger for a complete list of JARs that were scanned but no TLDs were found in them. Skipping unneeded JARs during scanning can improve startup time and JSP compilation time.
14-Jun-2023 07:21:13.936 INFORMATION [main] jdk.internal.reflect.DelegatingMethodAccessorImpl.invoke Deployment of web application directory [C:\Users\A200213424\workspace\MeWis\hello-world-docker\target\apache-tomee\webapps\ROOT] has finished in [148] ms
14-Jun-2023 07:21:13.950 INFORMATION [main] jdk.internal.reflect.DelegatingMethodAccessorImpl.invoke Starting ProtocolHandler ["http-nio-8080"]
14-Jun-2023 07:21:13.964 INFORMATION [main] jdk.internal.reflect.DelegatingMethodAccessorImpl.invoke Server startup in [2323] milliseconds
14-Jun-2023 07:21:13.966 SCHWERWIEGEND [main] jdk.internal.reflect.NativeMethodAccessorImpl.invoke Failed to create server shutdown socket on address [localhost] and port [8005] (base port [8005] and offset [0])
	java.net.BindException: Address already in use: bind
		at java.base/sun.nio.ch.Net.bind0(Native Method)
		at java.base/sun.nio.ch.Net.bind(Net.java:555)
		at java.base/sun.nio.ch.Net.bind(Net.java:544)
		at java.base/sun.nio.ch.NioSocketImpl.bind(NioSocketImpl.java:643)
		at java.base/java.net.ServerSocket.bind(ServerSocket.java:388)
		at java.base/java.net.ServerSocket.<init>(ServerSocket.java:274)
		at org.apache.catalina.core.StandardServer.await(StandardServer.java:580)
		at org.apache.catalina.startup.Catalina.await(Catalina.java:864)
		at org.apache.catalina.startup.Catalina.start(Catalina.java:810)
		at java.base/jdk.internal.reflect.NativeMethodAccessorImpl.invoke0(Native Method)
		at java.base/jdk.internal.reflect.NativeMethodAccessorImpl.invoke(NativeMethodAccessorImpl.java:77)
		at java.base/jdk.internal.reflect.DelegatingMethodAccessorImpl.invoke(DelegatingMethodAccessorImpl.java:43)
		at java.base/java.lang.reflect.Method.invoke(Method.java:568)
		at org.apache.catalina.startup.Bootstrap.start(Bootstrap.java:347)
		at org.apache.catalina.startup.Bootstrap.main(Bootstrap.java:478)
14-Jun-2023 07:21:13.966 INFORMATION [main] jdk.internal.reflect.DelegatingMethodAccessorImpl.invoke Pausing ProtocolHandler ["http-nio-8080"]
14-Jun-2023 07:21:13.979 INFORMATION [main] jdk.internal.reflect.DelegatingMethodAccessorImpl.invoke Stopping service [Catalina]
14-Jun-2023 07:21:13.997 INFORMATION [main] org.apache.openejb.assembler.classic.Assembler.destroyApplication Undeploying app: C:\Users\A200213424\workspace\MeWis\hello-world-docker\target\apache-tomee\webapps\jakartaee-hello-world
14-Jun-2023 07:21:14.021 WARNUNG [main] org.apache.catalina.loader.WebappClassLoaderBase.clearReferencesObjectStreamClassCaches When running on Java 9 or later you need to add "--add-opens=java.base/java.io=ALL-UNNAMED" to the JVM command line arguments to enable ObjectStream cache memory leak protection. Alternatively, you can suppress this warning by disabling ObjectStream class cache memory leak protection.
14-Jun-2023 07:21:14.021 WARNUNG [main] org.apache.catalina.loader.WebappClassLoaderBase.checkThreadLocalsForLeaks When running on Java 9 or later you need to add "--add-opens=java.base/java.lang=ALL-UNNAMED" to the JVM command line arguments to enable ThreadLocal memory leak detection. Alternatively, you can suppress this warning by disabling ThreadLocal memory leak detection.
14-Jun-2023 07:21:14.022 WARNUNG [main] org.apache.catalina.loader.WebappClassLoaderBase.clearReferencesRmiTargets When running on Java 9 or later you need to add "--add-opens=java.rmi/sun.rmi.transport=ALL-UNNAMED" to the JVM command line arguments to enable RMI Target memory leak detection. Alternatively, you can suppress this warning by disabling RMI Target memory leak detection.
14-Jun-2023 07:21:14.024 INFORMATION [main] org.apache.openejb.assembler.classic.Assembler.destroyApplication Undeploying app: C:\Users\A200213424\workspace\MeWis\hello-world-docker\target\apache-tomee\webapps\docs
14-Jun-2023 07:21:14.050 WARNUNG [main] org.apache.catalina.loader.WebappClassLoaderBase.clearReferencesObjectStreamClassCaches When running on Java 9 or later you need to add "--add-opens=java.base/java.io=ALL-UNNAMED" to the JVM command line arguments to enable ObjectStream cache memory leak protection. Alternatively, you can suppress this warning by disabling ObjectStream class cache memory leak protection.
14-Jun-2023 07:21:14.050 WARNUNG [main] org.apache.catalina.loader.WebappClassLoaderBase.checkThreadLocalsForLeaks When running on Java 9 or later you need to add "--add-opens=java.base/java.lang=ALL-UNNAMED" to the JVM command line arguments to enable ThreadLocal memory leak detection. Alternatively, you can suppress this warning by disabling ThreadLocal memory leak detection.
14-Jun-2023 07:21:14.050 WARNUNG [main] org.apache.catalina.loader.WebappClassLoaderBase.clearReferencesRmiTargets When running on Java 9 or later you need to add "--add-opens=java.rmi/sun.rmi.transport=ALL-UNNAMED" to the JVM command line arguments to enable RMI Target memory leak detection. Alternatively, you can suppress this warning by disabling RMI Target memory leak detection.
14-Jun-2023 07:21:14.053 INFORMATION [main] org.apache.openejb.assembler.classic.Assembler.destroyApplication Undeploying app: C:\Users\A200213424\workspace\MeWis\hello-world-docker\target\apache-tomee\webapps\host-manager
14-Jun-2023 07:21:14.072 WARNUNG [main] org.apache.catalina.loader.WebappClassLoaderBase.clearReferencesObjectStreamClassCaches When running on Java 9 or later you need to add "--add-opens=java.base/java.io=ALL-UNNAMED" to the JVM command line arguments to enable ObjectStream cache memory leak protection. Alternatively, you can suppress this warning by disabling ObjectStream class cache memory leak protection.
14-Jun-2023 07:21:14.072 WARNUNG [main] org.apache.catalina.loader.WebappClassLoaderBase.checkThreadLocalsForLeaks When running on Java 9 or later you need to add "--add-opens=java.base/java.lang=ALL-UNNAMED" to the JVM command line arguments to enable ThreadLocal memory leak detection. Alternatively, you can suppress this warning by disabling ThreadLocal memory leak detection.
14-Jun-2023 07:21:14.073 WARNUNG [main] org.apache.catalina.loader.WebappClassLoaderBase.clearReferencesRmiTargets When running on Java 9 or later you need to add "--add-opens=java.rmi/sun.rmi.transport=ALL-UNNAMED" to the JVM command line arguments to enable RMI Target memory leak detection. Alternatively, you can suppress this warning by disabling RMI Target memory leak detection.
14-Jun-2023 07:21:14.075 INFORMATION [main] org.apache.openejb.assembler.classic.Assembler.destroyApplication Undeploying app: C:\Users\A200213424\workspace\MeWis\hello-world-docker\target\apache-tomee\webapps\manager
14-Jun-2023 07:21:14.098 WARNUNG [main] org.apache.catalina.loader.WebappClassLoaderBase.clearReferencesObjectStreamClassCaches When running on Java 9 or later you need to add "--add-opens=java.base/java.io=ALL-UNNAMED" to the JVM command line arguments to enable ObjectStream cache memory leak protection. Alternatively, you can suppress this warning by disabling ObjectStream class cache memory leak protection.
14-Jun-2023 07:21:14.098 WARNUNG [main] org.apache.catalina.loader.WebappClassLoaderBase.checkThreadLocalsForLeaks When running on Java 9 or later you need to add "--add-opens=java.base/java.lang=ALL-UNNAMED" to the JVM command line arguments to enable ThreadLocal memory leak detection. Alternatively, you can suppress this warning by disabling ThreadLocal memory leak detection.
14-Jun-2023 07:21:14.098 WARNUNG [main] org.apache.catalina.loader.WebappClassLoaderBase.clearReferencesRmiTargets When running on Java 9 or later you need to add "--add-opens=java.rmi/sun.rmi.transport=ALL-UNNAMED" to the JVM command line arguments to enable RMI Target memory leak detection. Alternatively, you can suppress this warning by disabling RMI Target memory leak detection.
14-Jun-2023 07:21:14.101 INFORMATION [main] org.apache.openejb.assembler.classic.Assembler.destroyApplication Undeploying app: C:\Users\A200213424\workspace\MeWis\hello-world-docker\target\apache-tomee\webapps\ROOT
14-Jun-2023 07:21:14.139 WARNUNG [main] org.apache.catalina.loader.WebappClassLoaderBase.clearReferencesObjectStreamClassCaches When running on Java 9 or later you need to add "--add-opens=java.base/java.io=ALL-UNNAMED" to the JVM command line arguments to enable ObjectStream cache memory leak protection. Alternatively, you can suppress this warning by disabling ObjectStream class cache memory leak protection.
14-Jun-2023 07:21:14.139 WARNUNG [main] org.apache.catalina.loader.WebappClassLoaderBase.checkThreadLocalsForLeaks When running on Java 9 or later you need to add "--add-opens=java.base/java.lang=ALL-UNNAMED" to the JVM command line arguments to enable ThreadLocal memory leak detection. Alternatively, you can suppress this warning by disabling ThreadLocal memory leak detection.
14-Jun-2023 07:21:14.139 WARNUNG [main] org.apache.catalina.loader.WebappClassLoaderBase.clearReferencesRmiTargets When running on Java 9 or later you need to add "--add-opens=java.rmi/sun.rmi.transport=ALL-UNNAMED" to the JVM command line arguments to enable RMI Target memory leak detection. Alternatively, you can suppress this warning by disabling RMI Target memory leak detection.
14-Jun-2023 07:21:14.140 INFORMATION [main] jdk.internal.reflect.DelegatingMethodAccessorImpl.invoke Stopping ProtocolHandler ["http-nio-8080"]
14-Jun-2023 07:21:14.148 INFORMATION [main] org.apache.openejb.server.SimpleServiceManager.stop Stopping server services
14-Jun-2023 07:21:14.158 INFORMATION [main] jdk.internal.reflect.DelegatingMethodAccessorImpl.invoke Destroying ProtocolHandler ["http-nio-8080"]
